This file contains any messages produced by compilers while
running configure, to aid debugging if configure makes a mistake.

It was created by mandelSSE configure 1.2, which was
generated by GNU Autoconf 2.68.  Invocation command line was

  $ ./configure 

## --------- ##
## Platform. ##
## --------- ##

hostname = belfast.ks.uiuc.edu
uname -m = x86_64
uname -r = 2.6.18-194.26.1.el5
uname -s = Linux
uname -v = #1 SMP Tue Nov 9 12:54:20 EST 2010

/usr/bin/uname -p = unknown
/bin/uname -X     = unknown

/bin/arch              = x86_64
/usr/bin/arch -k       = unknown
/usr/convex/getsysinfo = unknown
/usr/bin/hostinfo      = unknown
/bin/machine           = unknown
/usr/bin/oslevel       = unknown
/bin/universe          = unknown

PATH: /usr/local/encap/intel-cc-12.2011.2.137/bin
PATH: /usr/local/globus/bin
PATH: /usr/local/globus/sbin
PATH: /home/sgeadmin/bin/linux-x64
PATH: /usr/local/sbin
PATH: /usr/local/bin
PATH: /usr/local/shared/bin
PATH: /usr/bin
PATH: /bin
PATH: /usr/sbin
PATH: /sbin
PATH: /usr/bin/X11
PATH: .


## ----------- ##
## Core tests. ##
## ----------- ##

configure:2207: checking build system type
configure:2221: result: x86_64-unknown-linux-gnu
configure:2241: checking host system type
configure:2254: result: x86_64-unknown-linux-gnu
configure:2274: checking target system type
configure:2287: result: x86_64-unknown-linux-gnu
configure:2330: checking for a BSD-compatible install
configure:2398: result: /usr/bin/install -c
configure:2409: checking whether build environment is sane
configure:2459: result: yes
configure:2600: checking for a thread-safe mkdir -p
configure:2639: result: /bin/mkdir -p
configure:2652: checking for gawk
configure:2668: found /usr/bin/gawk
configure:2679: result: gawk
configure:2690: checking whether make sets $(MAKE)
configure:2712: result: yes
configure:2833: checking for style of include used by make
configure:2861: result: GNU
configure:2931: checking for gcc
configure:2947: found /usr/bin/gcc
configure:2958: result: gcc
configure:3187: checking for C compiler version
configure:3196: gcc --version >&5
gcc (GCC) 4.1.2 20080704 (Red Hat 4.1.2-48)
Copyright (C) 2006 Free Software Foundation, Inc.
This is free software; see the source for copying conditions.  There is NO
warranty; not even for MERCHANTABILITY or FITNESS FOR A PARTICULAR PURPOSE.

configure:3207: $? = 0
configure:3196: gcc -v >&5
Using built-in specs.
Target: x86_64-redhat-linux
Configured with: ../configure --prefix=/usr --mandir=/usr/share/man --infodir=/usr/share/info --enable-shared --enable-threads=posix --enable-checking=release --with-system-zlib --enable-__cxa_atexit --disable-libunwind-exceptions --enable-libgcj-multifile --enable-languages=c,c++,objc,obj-c++,java,fortran,ada --enable-java-awt=gtk --disable-dssi --enable-plugin --with-java-home=/usr/lib/jvm/java-1.4.2-gcj-1.4.2.0/jre --with-cpu=generic --host=x86_64-redhat-linux
Thread model: posix
gcc version 4.1.2 20080704 (Red Hat 4.1.2-48)
configure:3207: $? = 0
configure:3196: gcc -V >&5
gcc: '-V' option must have argument
configure:3207: $? = 1
configure:3196: gcc -qversion >&5
gcc: unrecognized option '-qversion'
gcc: no input files
configure:3207: $? = 1
configure:3227: checking whether the C compiler works
configure:3249: gcc -O3 -g -Wall -Wextra   conftest.c  >&5
configure:3253: $? = 0
configure:3301: result: yes
configure:3304: checking for C compiler default output file name
configure:3306: result: a.out
configure:3312: checking for suffix of executables
configure:3319: gcc -o conftest -O3 -g -Wall -Wextra   conftest.c  >&5
configure:3323: $? = 0
configure:3345: result: 
configure:3367: checking whether we are cross compiling
configure:3375: gcc -o conftest -O3 -g -Wall -Wextra   conftest.c  >&5
configure:3379: $? = 0
configure:3386: ./conftest
configure:3390: $? = 0
configure:3405: result: no
configure:3410: checking for suffix of object files
configure:3432: gcc -c -O3 -g -Wall -Wextra  conftest.c >&5
configure:3436: $? = 0
configure:3457: result: o
configure:3461: checking whether we are using the GNU C compiler
configure:3480: gcc -c -O3 -g -Wall -Wextra  conftest.c >&5
configure:3480: $? = 0
configure:3489: result: yes
configure:3498: checking whether gcc accepts -g
configure:3518: gcc -c -g  conftest.c >&5
configure:3518: $? = 0
configure:3559: result: yes
configure:3576: checking for gcc option to accept ISO C89
configure:3640: gcc  -c -O3 -g -Wall -Wextra  conftest.c >&5
configure:3640: $? = 0
configure:3653: result: none needed
configure:3675: checking dependency style of gcc
configure:3785: result: gcc3
configure:3801: checking CFLAGS for gcc -Wall
configure:3828: gcc -c -O3 -g -Wall -Wextra -pedantic -Werror  -Wall  conftest.c >&5
configure:3828: $? = 0
configure:3842: result: -Wall
configure:3850: : CFLAGS does contain $var
configure:3853: $? = 0
configure:3865: checking CFLAGS for gcc -Wextra
configure:3892: gcc -c -O3 -g -Wall -Wextra -pedantic -Werror  -Wextra  conftest.c >&5
configure:3892: $? = 0
configure:3906: result: -Wextra
configure:3914: : CFLAGS does contain $var
configure:3917: $? = 0
configure:3936: checking CFLAGS for gcc -fomit-frame-pointer
configure:3963: gcc -c -O3 -g -Wall -Wextra -pedantic -Werror  -fomit-frame-pointer  conftest.c >&5
configure:3963: $? = 0
configure:3977: result: -fomit-frame-pointer
configure:3990: : CFLAGS="$CFLAGS $var"
configure:3993: $? = 0
configure:4000: checking CFLAGS for gcc -ffast-math
configure:4027: gcc -c -O3 -g -Wall -Wextra -fomit-frame-pointer -pedantic -Werror  -ffast-math  conftest.c >&5
configure:4027: $? = 0
configure:4041: result: -ffast-math
configure:4054: : CFLAGS="$CFLAGS $var"
configure:4057: $? = 0
configure:4064: checking CFLAGS for gcc -funsafe-math-optimizations
configure:4091: gcc -c -O3 -g -Wall -Wextra -fomit-frame-pointer -ffast-math -pedantic -Werror  -funsafe-math-optimizations  conftest.c >&5
configure:4091: $? = 0
configure:4105: result: -funsafe-math-optimizations
configure:4118: : CFLAGS="$CFLAGS $var"
configure:4121: $? = 0
configure:4129: checking CFLAGS for gcc -mtune=native
configure:4156: gcc -c -O3 -g -Wall -Wextra -fomit-frame-pointer -ffast-math -funsafe-math-optimizations -pedantic -Werror  -mtune=native  conftest.c >&5
conftest.c:1: error: bad value (native) for -mtune= switch
configure:4156: $? = 1
configure: failed program was:
| /* confdefs.h */
| #define PACKAGE_NAME "mandelSSE"
| #define PACKAGE_TARNAME "mandelsse"
| #define PACKAGE_VERSION "1.2"
| #define PACKAGE_STRING "mandelSSE 1.2"
| #define PACKAGE_BUGREPORT "ttsiod@softlab.ntua.gr"
| #define PACKAGE_URL ""
| #define PACKAGE "mandelsse"
| #define VERSION "1.2"
| /* end confdefs.h.  */
| 
| int
| main ()
| {
| return 0;
|   ;
|   return 0;
| }
configure:4156: gcc -c -O3 -g -Wall -Wextra -fomit-frame-pointer -ffast-math -funsafe-math-optimizations -pedantic  -mtune=native   conftest.c >&5
conftest.c:1: error: bad value (native) for -mtune= switch
configure:4156: $? = 1
configure: failed program was:
| /* confdefs.h */
| #define PACKAGE_NAME "mandelSSE"
| #define PACKAGE_TARNAME "mandelsse"
| #define PACKAGE_VERSION "1.2"
| #define PACKAGE_STRING "mandelSSE 1.2"
| #define PACKAGE_BUGREPORT "ttsiod@softlab.ntua.gr"
| #define PACKAGE_URL ""
| #define PACKAGE "mandelsse"
| #define VERSION "1.2"
| /* end confdefs.h.  */
| 
| int
| main ()
| {
| return 0;
|   ;
|   return 0;
| }
configure:4171: result: no, unknown
configure:4202: checking for SSE
configure:4221: gcc -o conftest -O3 -g -Wall -Wextra -fomit-frame-pointer -ffast-math -funsafe-math-optimizations   conftest.c  >&5
conftest.c: In function 'catchme':
conftest.c:13: warning: unused parameter 'a'
configure:4221: $? = 0
configure:4221: ./conftest
configure:4221: $? = 0
configure:4230: result: yes
configure:4238: checking for SSE2
configure:4257: gcc -o conftest -O3 -g -Wall -Wextra -fomit-frame-pointer -ffast-math -funsafe-math-optimizations   conftest.c  >&5
conftest.c: In function 'catchme':
conftest.c:14: warning: unused parameter 'a'
configure:4257: $? = 0
configure:4257: ./conftest
configure:4257: $? = 0
configure:4266: result: yes
configure:4269: checking for SSSE3
configure:4288: gcc -o conftest -O3 -g -Wall -Wextra -fomit-frame-pointer -ffast-math -funsafe-math-optimizations   conftest.c  >&5
conftest.c: In function 'catchme':
conftest.c:14: warning: unused parameter 'a'
configure:4288: $? = 0
configure:4288: ./conftest
configure:4288: $? = 0
configure:4297: result: yes
configure:4301: checking CFLAGS for gcc -msse
configure:4328: gcc -c -O3 -g -Wall -Wextra -fomit-frame-pointer -ffast-math -funsafe-math-optimizations -pedantic -Werror  -msse  conftest.c >&5
configure:4328: $? = 0
configure:4342: result: -msse
configure:4355: : CFLAGS="$CFLAGS $var"
configure:4358: $? = 0
configure:4365: checking CFLAGS for gcc -mrecip
configure:4392: gcc -c -O3 -g -Wall -Wextra -fomit-frame-pointer -ffast-math -funsafe-math-optimizations -msse -pedantic -Werror  -mrecip  conftest.c >&5
cc1: error: unrecognized command line option "-mrecip"
configure:4392: $? = 1
configure: failed program was:
| /* confdefs.h */
| #define PACKAGE_NAME "mandelSSE"
| #define PACKAGE_TARNAME "mandelsse"
| #define PACKAGE_VERSION "1.2"
| #define PACKAGE_STRING "mandelSSE 1.2"
| #define PACKAGE_BUGREPORT "ttsiod@softlab.ntua.gr"
| #define PACKAGE_URL ""
| #define PACKAGE "mandelsse"
| #define VERSION "1.2"
| #define SIMD_SSE 1
| /* end confdefs.h.  */
| 
| int
| main ()
| {
| return 0;
|   ;
|   return 0;
| }
configure:4392: gcc -c -O3 -g -Wall -Wextra -fomit-frame-pointer -ffast-math -funsafe-math-optimizations -msse -pedantic  -mrecip   conftest.c >&5
cc1: error: unrecognized command line option "-mrecip"
configure:4392: $? = 1
configure: failed program was:
| /* confdefs.h */
| #define PACKAGE_NAME "mandelSSE"
| #define PACKAGE_TARNAME "mandelsse"
| #define PACKAGE_VERSION "1.2"
| #define PACKAGE_STRING "mandelSSE 1.2"
| #define PACKAGE_BUGREPORT "ttsiod@softlab.ntua.gr"
| #define PACKAGE_URL ""
| #define PACKAGE "mandelsse"
| #define VERSION "1.2"
| #define SIMD_SSE 1
| /* end confdefs.h.  */
| 
| int
| main ()
| {
| return 0;
|   ;
|   return 0;
| }
configure:4406: result: no, unknown
configure:4430: checking CFLAGS for gcc -mfpmath=sse
configure:4457: gcc -c -O3 -g -Wall -Wextra -fomit-frame-pointer -ffast-math -funsafe-math-optimizations -msse -pedantic -Werror  -mfpmath=sse  conftest.c >&5
configure:4457: $? = 0
configure:4472: result: -mfpmath=sse
configure:4485: : CFLAGS="$CFLAGS $var"
configure:4488: $? = 0
configure:4497: checking CFLAGS for gcc -msse2
configure:4524: gcc -c -O3 -g -Wall -Wextra -fomit-frame-pointer -ffast-math -funsafe-math-optimizations -msse -mfpmath=sse -pedantic -Werror  -msse2  conftest.c >&5
configure:4524: $? = 0
configure:4538: result: -msse2
configure:4551: : CFLAGS="$CFLAGS $var"
configure:4554: $? = 0
configure:4563: checking CFLAGS for gcc -mssse3
configure:4590: gcc -c -O3 -g -Wall -Wextra -fomit-frame-pointer -ffast-math -funsafe-math-optimizations -msse -mfpmath=sse -msse2 -pedantic -Werror  -mssse3  conftest.c >&5
configure:4590: $? = 0
configure:4604: result: -mssse3
configure:4617: : CFLAGS="$CFLAGS $var"
configure:4620: $? = 0
configure:4632: checking whether gcc and cc understand -c and -o together
configure:4663: gcc -c conftest.c -o conftest2.o >&5
configure:4667: $? = 0
configure:4673: gcc -c conftest.c -o conftest2.o >&5
configure:4677: $? = 0
configure:4688: cc -c conftest.c >&5
configure:4692: $? = 0
configure:4700: cc -c conftest.c -o conftest2.o >&5
configure:4704: $? = 0
configure:4710: cc -c conftest.c -o conftest2.o >&5
configure:4714: $? = 0
configure:4732: result: yes
configure:4760: checking for atexit
configure:4760: gcc -o conftest -O3 -g -Wall -Wextra -fomit-frame-pointer -ffast-math -funsafe-math-optimizations -msse -mfpmath=sse -msse2 -mssse3 -DNDEBUG   conftest.c  >&5
configure:4760: $? = 0
configure:4760: result: yes
configure:4774: checking how to run the C preprocessor
configure:4805: gcc -E  conftest.c
configure:4805: $? = 0
configure:4819: gcc -E  conftest.c
conftest.c:13:28: error: ac_nonexistent.h: No such file or directory
configure:4819: $? = 1
configure: failed program was:
| /* confdefs.h */
| #define PACKAGE_NAME "mandelSSE"
| #define PACKAGE_TARNAME "mandelsse"
| #define PACKAGE_VERSION "1.2"
| #define PACKAGE_STRING "mandelSSE 1.2"
| #define PACKAGE_BUGREPORT "ttsiod@softlab.ntua.gr"
| #define PACKAGE_URL ""
| #define PACKAGE "mandelsse"
| #define VERSION "1.2"
| #define SIMD_SSE 1
| #define HAVE_ATEXIT 1
| /* end confdefs.h.  */
| #include <ac_nonexistent.h>
configure:4844: result: gcc -E
configure:4864: gcc -E  conftest.c
configure:4864: $? = 0
configure:4878: gcc -E  conftest.c
conftest.c:13:28: error: ac_nonexistent.h: No such file or directory
configure:4878: $? = 1
configure: failed program was:
| /* confdefs.h */
| #define PACKAGE_NAME "mandelSSE"
| #define PACKAGE_TARNAME "mandelsse"
| #define PACKAGE_VERSION "1.2"
| #define PACKAGE_STRING "mandelSSE 1.2"
| #define PACKAGE_BUGREPORT "ttsiod@softlab.ntua.gr"
| #define PACKAGE_URL ""
| #define PACKAGE "mandelsse"
| #define VERSION "1.2"
| #define SIMD_SSE 1
| #define HAVE_ATEXIT 1
| /* end confdefs.h.  */
| #include <ac_nonexistent.h>
configure:4907: checking for grep that handles long lines and -e
configure:4965: result: /bin/grep
configure:4970: checking for egrep
configure:5032: result: /bin/grep -E
configure:5037: checking for ANSI C header files
configure:5057: gcc -c -O3 -g -Wall -Wextra -fomit-frame-pointer -ffast-math -funsafe-math-optimizations -msse -mfpmath=sse -msse2 -mssse3 -DNDEBUG  conftest.c >&5
configure:5057: $? = 0
configure:5130: gcc -o conftest -O3 -g -Wall -Wextra -fomit-frame-pointer -ffast-math -funsafe-math-optimizations -msse -mfpmath=sse -msse2 -mssse3 -DNDEBUG   conftest.c  >&5
configure:5130: $? = 0
configure:5130: ./conftest
configure:5130: $? = 0
configure:5141: result: yes
configure:5154: checking for sys/types.h
configure:5154: gcc -c -O3 -g -Wall -Wextra -fomit-frame-pointer -ffast-math -funsafe-math-optimizations -msse -mfpmath=sse -msse2 -mssse3 -DNDEBUG  conftest.c >&5
configure:5154: $? = 0
configure:5154: result: yes
configure:5154: checking for sys/stat.h
configure:5154: gcc -c -O3 -g -Wall -Wextra -fomit-frame-pointer -ffast-math -funsafe-math-optimizations -msse -mfpmath=sse -msse2 -mssse3 -DNDEBUG  conftest.c >&5
configure:5154: $? = 0
configure:5154: result: yes
configure:5154: checking for stdlib.h
configure:5154: gcc -c -O3 -g -Wall -Wextra -fomit-frame-pointer -ffast-math -funsafe-math-optimizations -msse -mfpmath=sse -msse2 -mssse3 -DNDEBUG  conftest.c >&5
configure:5154: $? = 0
configure:5154: result: yes
configure:5154: checking for string.h
configure:5154: gcc -c -O3 -g -Wall -Wextra -fomit-frame-pointer -ffast-math -funsafe-math-optimizations -msse -mfpmath=sse -msse2 -mssse3 -DNDEBUG  conftest.c >&5
configure:5154: $? = 0
configure:5154: result: yes
configure:5154: checking for memory.h
configure:5154: gcc -c -O3 -g -Wall -Wextra -fomit-frame-pointer -ffast-math -funsafe-math-optimizations -msse -mfpmath=sse -msse2 -mssse3 -DNDEBUG  conftest.c >&5
configure:5154: $? = 0
configure:5154: result: yes
configure:5154: checking for strings.h
configure:5154: gcc -c -O3 -g -Wall -Wextra -fomit-frame-pointer -ffast-math -funsafe-math-optimizations -msse -mfpmath=sse -msse2 -mssse3 -DNDEBUG  conftest.c >&5
configure:5154: $? = 0
configure:5154: result: yes
configure:5154: checking for inttypes.h
configure:5154: gcc -c -O3 -g -Wall -Wextra -fomit-frame-pointer -ffast-math -funsafe-math-optimizations -msse -mfpmath=sse -msse2 -mssse3 -DNDEBUG  conftest.c >&5
configure:5154: $? = 0
configure:5154: result: yes
configure:5154: checking for stdint.h
configure:5154: gcc -c -O3 -g -Wall -Wextra -fomit-frame-pointer -ffast-math -funsafe-math-optimizations -msse -mfpmath=sse -msse2 -mssse3 -DNDEBUG  conftest.c >&5
configure:5154: $? = 0
configure:5154: result: yes
configure:5154: checking for unistd.h
configure:5154: gcc -c -O3 -g -Wall -Wextra -fomit-frame-pointer -ffast-math -funsafe-math-optimizations -msse -mfpmath=sse -msse2 -mssse3 -DNDEBUG  conftest.c >&5
configure:5154: $? = 0
configure:5154: result: yes
configure:5169: checking for stdlib.h
configure:5169: result: yes
configure:5169: checking for string.h
configure:5169: result: yes
configure:5181: checking for stdlib.h
configure:5181: result: yes
configure:5191: checking for GNU libc compatible malloc
configure:5215: gcc -o conftest -O3 -g -Wall -Wextra -fomit-frame-pointer -ffast-math -funsafe-math-optimizations -msse -mfpmath=sse -msse2 -mssse3 -DNDEBUG   conftest.c  >&5
configure:5215: $? = 0
configure:5215: ./conftest
configure:5215: $? = 0
configure:5225: result: yes
configure:5248: checking for vprintf
configure:5248: gcc -o conftest -O3 -g -Wall -Wextra -fomit-frame-pointer -ffast-math -funsafe-math-optimizations -msse -mfpmath=sse -msse2 -mssse3 -DNDEBUG   conftest.c  >&5
conftest.c:50: warning: conflicting types for built-in function 'vprintf'
configure:5248: $? = 0
configure:5248: result: yes
configure:5254: checking for _doprnt
configure:5254: gcc -o conftest -O3 -g -Wall -Wextra -fomit-frame-pointer -ffast-math -funsafe-math-optimizations -msse -mfpmath=sse -msse2 -mssse3 -DNDEBUG   conftest.c  >&5
/tmp/ccSZGxpM.o: In function `main':
/home/jjorgensen/mandelsse-1.2/conftest.c:62: undefined reference to `_doprnt'
collect2: ld returned 1 exit status
configure:5254: $? = 1
configure: failed program was:
| /* confdefs.h */
| #define PACKAGE_NAME "mandelSSE"
| #define PACKAGE_TARNAME "mandelsse"
| #define PACKAGE_VERSION "1.2"
| #define PACKAGE_STRING "mandelSSE 1.2"
| #define PACKAGE_BUGREPORT "ttsiod@softlab.ntua.gr"
| #define PACKAGE_URL ""
| #define PACKAGE "mandelsse"
| #define VERSION "1.2"
| #define SIMD_SSE 1
| #define HAVE_ATEXIT 1
| #define STDC_HEADERS 1
| #define HAVE_SYS_TYPES_H 1
| #define HAVE_SYS_STAT_H 1
| #define HAVE_STDLIB_H 1
| #define HAVE_STRING_H 1
| #define HAVE_MEMORY_H 1
| #define HAVE_STRINGS_H 1
| #define HAVE_INTTYPES_H 1
| #define HAVE_STDINT_H 1
| #define HAVE_UNISTD_H 1
| #define HAVE_STDLIB_H 1
| #define HAVE_STRING_H 1
| #define HAVE_STDLIB_H 1
| #define HAVE_MALLOC 1
| #define HAVE_VPRINTF 1
| /* end confdefs.h.  */
| /* Define _doprnt to an innocuous variant, in case <limits.h> declares _doprnt.
|    For example, HP-UX 11i <limits.h> declares gettimeofday.  */
| #define _doprnt innocuous__doprnt
| 
| /* System header to define __stub macros and hopefully few prototypes,
|     which can conflict with char _doprnt (); below.
|     Prefer <limits.h> to <assert.h> if __STDC__ is defined, since
|     <limits.h> exists even on freestanding compilers.  */
| 
| #ifdef __STDC__
| # include <limits.h>
| #else
| # include <assert.h>
| #endif
| 
| #undef _doprnt
| 
| /* Override any GCC internal prototype to avoid an error.
|    Use char because int might match the return type of a GCC
|    builtin and then its argument prototype would still apply.  */
| #ifdef __cplusplus
| extern "C"
| #endif
| char _doprnt ();
| /* The GNU C library defines this for functions which it implements
|     to always fail with ENOSYS.  Some functions are actually named
|     something starting with __ and the normal name is an alias.  */
| #if defined __stub__doprnt || defined __stub____doprnt
| choke me
| #endif
| 
| int
| main ()
| {
| return _doprnt ();
|   ;
|   return 0;
| }
configure:5254: result: no
configure:5265: checking for ANSI C header files
configure:5369: result: yes
configure:5378: checking CFLAGS for gcc -mstackrealign
configure:5405: gcc -c -O3 -g -Wall -Wextra -fomit-frame-pointer -ffast-math -funsafe-math-optimizations -msse -mfpmath=sse -msse2 -mssse3 -DNDEBUG -pedantic -Werror  -mstackrealign  conftest.c >&5
cc1: error: unrecognized command line option "-mstackrealign"
configure:5405: $? = 1
configure: failed program was:
| /* confdefs.h */
| #define PACKAGE_NAME "mandelSSE"
| #define PACKAGE_TARNAME "mandelsse"
| #define PACKAGE_VERSION "1.2"
| #define PACKAGE_STRING "mandelSSE 1.2"
| #define PACKAGE_BUGREPORT "ttsiod@softlab.ntua.gr"
| #define PACKAGE_URL ""
| #define PACKAGE "mandelsse"
| #define VERSION "1.2"
| #define SIMD_SSE 1
| #define HAVE_ATEXIT 1
| #define STDC_HEADERS 1
| #define HAVE_SYS_TYPES_H 1
| #define HAVE_SYS_STAT_H 1
| #define HAVE_STDLIB_H 1
| #define HAVE_STRING_H 1
| #define HAVE_MEMORY_H 1
| #define HAVE_STRINGS_H 1
| #define HAVE_INTTYPES_H 1
| #define HAVE_STDINT_H 1
| #define HAVE_UNISTD_H 1
| #define HAVE_STDLIB_H 1
| #define HAVE_STRING_H 1
| #define HAVE_STDLIB_H 1
| #define HAVE_MALLOC 1
| #define HAVE_VPRINTF 1
| #define STDC_HEADERS 1
| /* end confdefs.h.  */
| 
| int
| main ()
| {
| return 0;
|   ;
|   return 0;
| }
configure:5405: gcc -c -O3 -g -Wall -Wextra -fomit-frame-pointer -ffast-math -funsafe-math-optimizations -msse -mfpmath=sse -msse2 -mssse3 -DNDEBUG -pedantic  -mstackrealign   conftest.c >&5
cc1: error: unrecognized command line option "-mstackrealign"
configure:5405: $? = 1
configure: failed program was:
| /* confdefs.h */
| #define PACKAGE_NAME "mandelSSE"
| #define PACKAGE_TARNAME "mandelsse"
| #define PACKAGE_VERSION "1.2"
| #define PACKAGE_STRING "mandelSSE 1.2"
| #define PACKAGE_BUGREPORT "ttsiod@softlab.ntua.gr"
| #define PACKAGE_URL ""
| #define PACKAGE "mandelsse"
| #define VERSION "1.2"
| #define SIMD_SSE 1
| #define HAVE_ATEXIT 1
| #define STDC_HEADERS 1
| #define HAVE_SYS_TYPES_H 1
| #define HAVE_SYS_STAT_H 1
| #define HAVE_STDLIB_H 1
| #define HAVE_STRING_H 1
| #define HAVE_MEMORY_H 1
| #define HAVE_STRINGS_H 1
| #define HAVE_INTTYPES_H 1
| #define HAVE_STDINT_H 1
| #define HAVE_UNISTD_H 1
| #define HAVE_STDLIB_H 1
| #define HAVE_STRING_H 1
| #define HAVE_STDLIB_H 1
| #define HAVE_MALLOC 1
| #define HAVE_VPRINTF 1
| #define STDC_HEADERS 1
| /* end confdefs.h.  */
| 
| int
| main ()
| {
| return 0;
|   ;
|   return 0;
| }
configure:5419: result: no, unknown
configure:5450: checking for OpenMP flag of C compiler
configure:5486: gcc -o conftest -O3 -g -Wall -Wextra -fomit-frame-pointer -ffast-math -funsafe-math-optimizations -msse -mfpmath=sse -msse2 -mssse3 -DNDEBUG -fopenmp   conftest.c  >&5
configure:5486: $? = 0
configure:5495: result: -fopenmp
configure:5566: checking for sdl-config
configure:5584: found /usr/bin/sdl-config
configure:5597: result: /usr/bin/sdl-config
configure:5607: checking for SDL - version >= 1.2.0
configure:5694: gcc -o conftest -O3 -g -Wall -Wextra -fomit-frame-pointer -ffast-math -funsafe-math-optimizations -msse -mfpmath=sse -msse2 -mssse3 -DNDEBUG -fopenmp -I/usr/include/SDL -D_GNU_SOURCE=1 -D_REENTRANT   conftest.c  -L/usr/lib64 -lSDL -lpthread >&5
conftest.c: In function 'main':
conftest.c:52: warning: unused parameter 'argc'
conftest.c:52: warning: unused parameter 'argv'
configure:5694: $? = 0
configure:5694: ./conftest
configure:5694: $? = 0
configure:5709: result: yes
configure:5914: creating ./config.status

## ---------------------- ##
## Running config.status. ##
## ---------------------- ##

This file was extended by mandelSSE config.status 1.2, which was
generated by GNU Autoconf 2.68.  Invocation command line was

  CONFIG_FILES    = 
  CONFIG_HEADERS  = 
  CONFIG_LINKS    = 
  CONFIG_COMMANDS = 
  $ ./config.status 

on belfast.ks.uiuc.edu

config.status:887: creating Makefile
config.status:887: creating src/Makefile
config.status:887: creating src/config.h
config.status:1116: executing depfiles commands

## ---------------- ##
## Cache variables. ##
## ---------------- ##

ac_cv_build=x86_64-unknown-linux-gnu
ac_cv_c_compiler_gnu=yes
ac_cv_env_CC_set=
ac_cv_env_CC_value=
ac_cv_env_CFLAGS_set=
ac_cv_env_CFLAGS_value=
ac_cv_env_CPPFLAGS_set=
ac_cv_env_CPPFLAGS_value=
ac_cv_env_CPP_set=
ac_cv_env_CPP_value=
ac_cv_env_LDFLAGS_set=
ac_cv_env_LDFLAGS_value=
ac_cv_env_LIBS_set=
ac_cv_env_LIBS_value=
ac_cv_env_build_alias_set=
ac_cv_env_build_alias_value=
ac_cv_env_host_alias_set=
ac_cv_env_host_alias_value=
ac_cv_env_target_alias_set=
ac_cv_env_target_alias_value=
ac_cv_func__doprnt=no
ac_cv_func_atexit=yes
ac_cv_func_malloc_0_nonnull=yes
ac_cv_func_vprintf=yes
ac_cv_header_inttypes_h=yes
ac_cv_header_memory_h=yes
ac_cv_header_stdc=yes
ac_cv_header_stdint_h=yes
ac_cv_header_stdlib_h=yes
ac_cv_header_string_h=yes
ac_cv_header_strings_h=yes
ac_cv_header_sys_stat_h=yes
ac_cv_header_sys_types_h=yes
ac_cv_header_unistd_h=yes
ac_cv_host=x86_64-unknown-linux-gnu
ac_cv_objext=o
ac_cv_path_EGREP='/bin/grep -E'
ac_cv_path_GREP=/bin/grep
ac_cv_path_SDL_CONFIG=/usr/bin/sdl-config
ac_cv_path_install='/usr/bin/install -c'
ac_cv_path_mkdir=/bin/mkdir
ac_cv_prog_AWK=gawk
ac_cv_prog_CPP='gcc -E'
ac_cv_prog_ac_ct_CC=gcc
ac_cv_prog_cc_c89=
ac_cv_prog_cc_g=yes
ac_cv_prog_cc_gcc_c_o=yes
ac_cv_prog_make_make_set=yes
ac_cv_target=x86_64-unknown-linux-gnu
am_cv_CC_dependencies_compiler_type=gcc3
ax_cv_c_openmp=-fopenmp
ax_cv_cflags_gcc_option__Wall=-Wall
ax_cv_cflags_gcc_option__Wextra=-Wextra
ax_cv_cflags_gcc_option__ffast_math=-ffast-math
ax_cv_cflags_gcc_option__fomit_frame_pointer=-fomit-frame-pointer
ax_cv_cflags_gcc_option__funsafe_math_optimizations=-funsafe-math-optimizations
ax_cv_cflags_gcc_option__mfpmath_sse=-mfpmath=sse
ax_cv_cflags_gcc_option__mrecip='no, unknown'
ax_cv_cflags_gcc_option__msse2=-msse2
ax_cv_cflags_gcc_option__msse=-msse
ax_cv_cflags_gcc_option__mssse3=-mssse3
ax_cv_cflags_gcc_option__mstackrealign='no, unknown'
ax_cv_cflags_gcc_option__mtune_native='no, unknown'

## ----------------- ##
## Output variables. ##
## ----------------- ##

ACLOCAL='${SHELL} /home/jjorgensen/mandelsse-1.2/build-aux/missing --run aclocal-1.11'
AMDEPBACKSLASH='\'
AMDEP_FALSE='#'
AMDEP_TRUE=''
AMTAR='${SHELL} /home/jjorgensen/mandelsse-1.2/build-aux/missing --run tar'
AM_BACKSLASH='\'
AM_DEFAULT_VERBOSITY='0'
AUTOCONF='${SHELL} /home/jjorgensen/mandelsse-1.2/build-aux/missing --run autoconf'
AUTOHEADER='${SHELL} /home/jjorgensen/mandelsse-1.2/build-aux/missing --run autoheader'
AUTOMAKE='${SHELL} /home/jjorgensen/mandelsse-1.2/build-aux/missing --run automake-1.11'
AWK='gawk'
CC='gcc'
CCDEPMODE='depmode=gcc3'
CFLAGS='-O3 -g -Wall -Wextra -fomit-frame-pointer -ffast-math -funsafe-math-optimizations -msse -mfpmath=sse -msse2 -mssse3 -DNDEBUG -fopenmp'
CPP='gcc -E'
CPPFLAGS=''
CYGPATH_W='echo'
DEFS='-DHAVE_CONFIG_H'
DEPDIR='.deps'
ECHO_C=''
ECHO_N='-n'
ECHO_T=''
EGREP='/bin/grep -E'
EXEEXT=''
GREP='/bin/grep'
INSTALL_DATA='${INSTALL} -m 644'
INSTALL_PROGRAM='${INSTALL}'
INSTALL_SCRIPT='${INSTALL}'
INSTALL_STRIP_PROGRAM='$(install_sh) -c -s'
LDFLAGS=''
LIBOBJS=''
LIBS=''
LTLIBOBJS=''
MAKEINFO='${SHELL} /home/jjorgensen/mandelsse-1.2/build-aux/missing --run makeinfo'
MKDIR_P='/bin/mkdir -p'
OBJEXT='o'
OPENMP_LIBS='-fopenmp'
PACKAGE='mandelsse'
PACKAGE_BUGREPORT='ttsiod@softlab.ntua.gr'
PACKAGE_NAME='mandelSSE'
PACKAGE_STRING='mandelSSE 1.2'
PACKAGE_TARNAME='mandelsse'
PACKAGE_URL=''
PACKAGE_VERSION='1.2'
PATH_SEPARATOR=':'
SDL_CFLAGS='-I/usr/include/SDL -D_GNU_SOURCE=1 -D_REENTRANT'
SDL_CONFIG='/usr/bin/sdl-config'
SDL_LIBS='-L/usr/lib64 -lSDL -lpthread'
SET_MAKE=''
SHELL='/bin/sh'
STRIP=''
VERSION='1.2'
ac_ct_CC='gcc'
am__EXEEXT_FALSE=''
am__EXEEXT_TRUE='#'
am__fastdepCC_FALSE='#'
am__fastdepCC_TRUE=''
am__include='include'
am__isrc=''
am__leading_dot='.'
am__quote=''
am__tar='${AMTAR} chof - "$$tardir"'
am__untar='${AMTAR} xf -'
bindir='${exec_prefix}/bin'
build='x86_64-unknown-linux-gnu'
build_alias=''
build_cpu='x86_64'
build_os='linux-gnu'
build_vendor='unknown'
datadir='${datarootdir}'
datarootdir='${prefix}/share'
docdir='${datarootdir}/doc/${PACKAGE_TARNAME}'
dvidir='${docdir}'
exec_prefix='${prefix}'
host='x86_64-unknown-linux-gnu'
host_alias=''
host_cpu='x86_64'
host_os='linux-gnu'
host_vendor='unknown'
htmldir='${docdir}'
includedir='${prefix}/include'
infodir='${datarootdir}/info'
install_sh='${SHELL} /home/jjorgensen/mandelsse-1.2/build-aux/install-sh'
libdir='${exec_prefix}/lib'
libexecdir='${exec_prefix}/libexec'
localedir='${datarootdir}/locale'
localstatedir='${prefix}/var'
mandir='${datarootdir}/man'
mkdir_p='/bin/mkdir -p'
oldincludedir='/usr/include'
pdfdir='${docdir}'
prefix='/usr/local'
program_transform_name='s,x,x,'
psdir='${docdir}'
sbindir='${exec_prefix}/sbin'
sharedstatedir='${prefix}/com'
sysconfdir='${prefix}/etc'
target='x86_64-unknown-linux-gnu'
target_alias=''
target_cpu='x86_64'
target_os='linux-gnu'
target_vendor='unknown'

## ----------- ##
## confdefs.h. ##
## ----------- ##

/* confdefs.h */
#define PACKAGE_NAME "mandelSSE"
#define PACKAGE_TARNAME "mandelsse"
#define PACKAGE_VERSION "1.2"
#define PACKAGE_STRING "mandelSSE 1.2"
#define PACKAGE_BUGREPORT "ttsiod@softlab.ntua.gr"
#define PACKAGE_URL ""
#define PACKAGE "mandelsse"
#define VERSION "1.2"
#define SIMD_SSE 1
#define HAVE_ATEXIT 1
#define STDC_HEADERS 1
#define HAVE_SYS_TYPES_H 1
#define HAVE_SYS_STAT_H 1
#define HAVE_STDLIB_H 1
#define HAVE_STRING_H 1
#define HAVE_MEMORY_H 1
#define HAVE_STRINGS_H 1
#define HAVE_INTTYPES_H 1
#define HAVE_STDINT_H 1
#define HAVE_UNISTD_H 1
#define HAVE_STDLIB_H 1
#define HAVE_STRING_H 1
#define HAVE_STDLIB_H 1
#define HAVE_MALLOC 1
#define HAVE_VPRINTF 1
#define STDC_HEADERS 1
#define USE_OPENMP 1

configure: exit 0
